2023-12-28 21:09:50,895 [Worker-5: Loading available Gradle versions] INFO  o.e.b.c.i.u.g.PublishedGradleVersions - Gradle version information cache is up-to-date. Trying to read.
2023-12-28 21:12:16,702 [Worker-8: Updating Maven Dependencies] INFO  o.e.m.c.i.l.LifecycleMappingFactory - Using org.eclipse.m2e.jdt.JarLifecycleMapping lifecycle mapping for MavenProject: com.example:EbookCatalog:0.0.1-SNAPSHOT @ C:\Users\Dell\eclipse-workspace\Servers\EbookCatalog\pom.xml.
2023-12-28 21:12:17,429 [Worker-24: Building] INFO  o.e.m.c.i.l.LifecycleMappingFactory - Using org.eclipse.m2e.jdt.JarLifecycleMapping lifecycle mapping for MavenProject: com.example:EbookCatalog:0.0.1-SNAPSHOT @ C:\Users\Dell\eclipse-workspace\Servers\EbookCatalog\pom.xml.
2023-12-28 21:12:18,755 [Worker-24: Building] INFO  o.a.m.s.f.DefaultMavenResourcesFiltering - Copying 1 resource from src\main\resources to target\classes
2023-12-28 21:12:18,775 [Worker-24: Building] INFO  o.a.m.s.f.DefaultMavenResourcesFiltering - Copying 0 resource from src\main\resources to target\classes
2023-12-28 21:12:18,780 [Worker-24: Building] INFO  o.a.m.s.f.DefaultMavenResourcesFiltering - skip non existing resourceDirectory C:\Users\Dell\eclipse-workspace\Servers\EbookCatalog\src\test\resources
2023-12-28 21:12:20,478 [Worker-8: Updating Maven Dependencies] INFO  o.e.m.c.i.l.LifecycleMappingFactory - Using org.eclipse.m2e.jdt.JarLifecycleMapping lifecycle mapping for MavenProject: com.example:EbookCatalog:0.0.1-SNAPSHOT @ C:\Users\Dell\eclipse-workspace\Servers\EbookCatalog\pom.xml.
2023-12-28 21:12:57,150 [Worker-25: Launching Executing test in C__Users_Dell_eclipse-workspace_Servers_EbookCatalog] INFO  o.eclipse.m2e.core.internal.Bundles - getClasspathEntries(Bundle=org.eclipse.m2e.maven.runtime_3.9.400.20230826-0755 [623])
2023-12-28 21:12:57,151 [Worker-25: Launching Executing test in C__Users_Dell_eclipse-workspace_Servers_EbookCatalog] INFO  o.eclipse.m2e.core.internal.Bundles - 	Entry: C:\Users\Dell\.p2\pool\plugins\org.eclipse.m2e.maven.runtime_3.9.400.20230826-0755
2023-12-28 21:12:57,152 [Worker-25: Launching Executing test in C__Users_Dell_eclipse-workspace_Servers_EbookCatalog] INFO  o.eclipse.m2e.core.internal.Bundles - 	Entry: C:\Users\Dell\.p2\pool\plugins\org.eclipse.m2e.maven.runtime_3.9.400.20230826-0755\jars\aether-connector-okhttp-0.17.8.jar
2023-12-28 21:12:57,152 [Worker-25: Launching Executing test in C__Users_Dell_eclipse-workspace_Servers_EbookCatalog] INFO  o.eclipse.m2e.core.internal.Bundles - 	Entry: C:\Users\Dell\.p2\pool\plugins\org.eclipse.m2e.maven.runtime_3.9.400.20230826-0755\jars\aopalliance-1.0.jar
2023-12-28 21:12:57,152 [Worker-25: Launching Executing test in C__Users_Dell_eclipse-workspace_Servers_EbookCatalog] INFO  o.eclipse.m2e.core.internal.Bundles - 	Entry: C:\Users\Dell\.p2\pool\plugins\org.eclipse.m2e.maven.runtime_3.9.400.20230826-0755\jars\commons-lang3-3.12.0.jar
2023-12-28 21:12:57,152 [Worker-25: Launching Executing test in C__Users_Dell_eclipse-workspace_Servers_EbookCatalog] INFO  o.eclipse.m2e.core.internal.Bundles - 	Entry: C:\Users\Dell\.p2\pool\plugins\org.eclipse.m2e.maven.runtime_3.9.400.20230826-0755\jars\guice-5.1.0.jar
2023-12-28 21:12:57,153 [Worker-25: Launching Executing test in C__Users_Dell_eclipse-workspace_Servers_EbookCatalog] INFO  o.eclipse.m2e.core.internal.Bundles - 	Entry: C:\Users\Dell\.p2\pool\plugins\org.eclipse.m2e.maven.runtime_3.9.400.20230826-0755\jars\jansi-2.4.0.jar
2023-12-28 21:12:57,153 [Worker-25: Launching Executing test in C__Users_Dell_eclipse-workspace_Servers_EbookCatalog] INFO  o.eclipse.m2e.core.internal.Bundles - 	Entry: C:\Users\Dell\.p2\pool\plugins\org.eclipse.m2e.maven.runtime_3.9.400.20230826-0755\jars\maven-artifact-3.9.4.jar
2023-12-28 21:12:57,153 [Worker-25: Launching Executing test in C__Users_Dell_eclipse-workspace_Servers_EbookCatalog] INFO  o.eclipse.m2e.core.internal.Bundles - 	Entry: C:\Users\Dell\.p2\pool\plugins\org.eclipse.m2e.maven.runtime_3.9.400.20230826-0755\jars\maven-builder-support-3.9.4.jar
2023-12-28 21:12:57,153 [Worker-25: Launching Executing test in C__Users_Dell_eclipse-workspace_Servers_EbookCatalog] INFO  o.eclipse.m2e.core.internal.Bundles - 	Entry: C:\Users\Dell\.p2\pool\plugins\org.eclipse.m2e.maven.runtime_3.9.400.20230826-0755\jars\maven-compat-3.9.4.jar
2023-12-28 21:12:57,153 [Worker-25: Launching Executing test in C__Users_Dell_eclipse-workspace_Servers_EbookCatalog] INFO  o.eclipse.m2e.core.internal.Bundles - 	Entry: C:\Users\Dell\.p2\pool\plugins\org.eclipse.m2e.maven.runtime_3.9.400.20230826-0755\jars\maven-core-3.9.4.jar
2023-12-28 21:12:57,155 [Worker-25: Launching Executing test in C__Users_Dell_eclipse-workspace_Servers_EbookCatalog] INFO  o.eclipse.m2e.core.internal.Bundles - 	Entry: C:\Users\Dell\.p2\pool\plugins\org.eclipse.m2e.maven.runtime_3.9.400.20230826-0755\jars\maven-embedder-3.9.4.jar
2023-12-28 21:12:57,155 [Worker-25: Launching Executing test in C__Users_Dell_eclipse-workspace_Servers_EbookCatalog] INFO  o.eclipse.m2e.core.internal.Bundles - 	Entry: C:\Users\Dell\.p2\pool\plugins\org.eclipse.m2e.maven.runtime_3.9.400.20230826-0755\jars\maven-model-3.9.4.jar
2023-12-28 21:12:57,155 [Worker-25: Launching Executing test in C__Users_Dell_eclipse-workspace_Servers_EbookCatalog] INFO  o.eclipse.m2e.core.internal.Bundles - 	Entry: C:\Users\Dell\.p2\pool\plugins\org.eclipse.m2e.maven.runtime_3.9.400.20230826-0755\jars\maven-model-builder-3.9.4.jar
2023-12-28 21:12:57,155 [Worker-25: Launching Executing test in C__Users_Dell_eclipse-workspace_Servers_EbookCatalog] INFO  o.eclipse.m2e.core.internal.Bundles - 	Entry: C:\Users\Dell\.p2\pool\plugins\org.eclipse.m2e.maven.runtime_3.9.400.20230826-0755\jars\maven-plugin-api-3.9.4.jar
2023-12-28 21:12:57,156 [Worker-25: Launching Executing test in C__Users_Dell_eclipse-workspace_Servers_EbookCatalog] INFO  o.eclipse.m2e.core.internal.Bundles - 	Entry: C:\Users\Dell\.p2\pool\plugins\org.eclipse.m2e.maven.runtime_3.9.400.20230826-0755\jars\maven-repository-metadata-3.9.4.jar
2023-12-28 21:12:57,156 [Worker-25: Launching Executing test in C__Users_Dell_eclipse-workspace_Servers_EbookCatalog] INFO  o.eclipse.m2e.core.internal.Bundles - 	Entry: C:\Users\Dell\.p2\pool\plugins\org.eclipse.m2e.maven.runtime_3.9.400.20230826-0755\jars\maven-resolver-api-1.9.14.jar
2023-12-28 21:12:57,156 [Worker-25: Launching Executing test in C__Users_Dell_eclipse-workspace_Servers_EbookCatalog] INFO  o.eclipse.m2e.core.internal.Bundles - 	Entry: C:\Users\Dell\.p2\pool\plugins\org.eclipse.m2e.maven.runtime_3.9.400.20230826-0755\jars\maven-resolver-connector-basic-1.9.14.jar
2023-12-28 21:12:57,156 [Worker-25: Launching Executing test in C__Users_Dell_eclipse-workspace_Servers_EbookCatalog] INFO  o.eclipse.m2e.core.internal.Bundles - 	Entry: C:\Users\Dell\.p2\pool\plugins\org.eclipse.m2e.maven.runtime_3.9.400.20230826-0755\jars\maven-resolver-impl-1.9.14.jar
2023-12-28 21:12:57,156 [Worker-25: Launching Executing test in C__Users_Dell_eclipse-workspace_Servers_EbookCatalog] INFO  o.eclipse.m2e.core.internal.Bundles - 	Entry: C:\Users\Dell\.p2\pool\plugins\org.eclipse.m2e.maven.runtime_3.9.400.20230826-0755\jars\maven-resolver-named-locks-1.9.14.jar
2023-12-28 21:12:57,156 [Worker-25: Launching Executing test in C__Users_Dell_eclipse-workspace_Servers_EbookCatalog] INFO  o.eclipse.m2e.core.internal.Bundles - 	Entry: C:\Users\Dell\.p2\pool\plugins\org.eclipse.m2e.maven.runtime_3.9.400.20230826-0755\jars\maven-resolver-provider-3.9.4.jar
2023-12-28 21:12:57,156 [Worker-25: Launching Executing test in C__Users_Dell_eclipse-workspace_Servers_EbookCatalog] INFO  o.eclipse.m2e.core.internal.Bundles - 	Entry: C:\Users\Dell\.p2\pool\plugins\org.eclipse.m2e.maven.runtime_3.9.400.20230826-0755\jars\maven-resolver-spi-1.9.14.jar
2023-12-28 21:12:57,156 [Worker-25: Launching Executing test in C__Users_Dell_eclipse-workspace_Servers_EbookCatalog] INFO  o.eclipse.m2e.core.internal.Bundles - 	Entry: C:\Users\Dell\.p2\pool\plugins\org.eclipse.m2e.maven.runtime_3.9.400.20230826-0755\jars\maven-resolver-transport-wagon-1.9.14.jar
2023-12-28 21:12:57,156 [Worker-25: Launching Executing test in C__Users_Dell_eclipse-workspace_Servers_EbookCatalog] INFO  o.eclipse.m2e.core.internal.Bundles - 	Entry: C:\Users\Dell\.p2\pool\plugins\org.eclipse.m2e.maven.runtime_3.9.400.20230826-0755\jars\maven-resolver-util-1.9.14.jar
2023-12-28 21:12:57,156 [Worker-25: Launching Executing test in C__Users_Dell_eclipse-workspace_Servers_EbookCatalog] INFO  o.eclipse.m2e.core.internal.Bundles - 	Entry: C:\Users\Dell\.p2\pool\plugins\org.eclipse.m2e.maven.runtime_3.9.400.20230826-0755\jars\maven-settings-3.9.4.jar
2023-12-28 21:12:57,156 [Worker-25: Launching Executing test in C__Users_Dell_eclipse-workspace_Servers_EbookCatalog] INFO  o.eclipse.m2e.core.internal.Bundles - 	Entry: C:\Users\Dell\.p2\pool\plugins\org.eclipse.m2e.maven.runtime_3.9.400.20230826-0755\jars\maven-settings-builder-3.9.4.jar
2023-12-28 21:12:57,157 [Worker-25: Launching Executing test in C__Users_Dell_eclipse-workspace_Servers_EbookCatalog] INFO  o.eclipse.m2e.core.internal.Bundles - 	Entry: C:\Users\Dell\.p2\pool\plugins\org.eclipse.m2e.maven.runtime_3.9.400.20230826-0755\jars\maven-shared-utils-3.3.4.jar
2023-12-28 21:12:57,157 [Worker-25: Launching Executing test in C__Users_Dell_eclipse-workspace_Servers_EbookCatalog] INFO  o.eclipse.m2e.core.internal.Bundles - 	Entry: C:\Users\Dell\.p2\pool\plugins\org.eclipse.m2e.maven.runtime_3.9.400.20230826-0755\jars\okhttp-3.14.1.jar
2023-12-28 21:12:57,157 [Worker-25: Launching Executing test in C__Users_Dell_eclipse-workspace_Servers_EbookCatalog] INFO  o.eclipse.m2e.core.internal.Bundles - 	Entry: C:\Users\Dell\.p2\pool\plugins\org.eclipse.m2e.maven.runtime_3.9.400.20230826-0755\jars\okio-1.17.3.jar
2023-12-28 21:12:57,157 [Worker-25: Launching Executing test in C__Users_Dell_eclipse-workspace_Servers_EbookCatalog] INFO  o.eclipse.m2e.core.internal.Bundles - 	Entry: C:\Users\Dell\.p2\pool\plugins\org.eclipse.m2e.maven.runtime_3.9.400.20230826-0755\jars\org.eclipse.sisu.inject-0.3.5.jar
2023-12-28 21:12:57,157 [Worker-25: Launching Executing test in C__Users_Dell_eclipse-workspace_Servers_EbookCatalog] INFO  o.eclipse.m2e.core.internal.Bundles - 	Entry: C:\Users\Dell\.p2\pool\plugins\org.eclipse.m2e.maven.runtime_3.9.400.20230826-0755\jars\org.eclipse.sisu.plexus-0.3.5.jar
2023-12-28 21:12:57,157 [Worker-25: Launching Executing test in C__Users_Dell_eclipse-workspace_Servers_EbookCatalog] INFO  o.eclipse.m2e.core.internal.Bundles - 	Entry: C:\Users\Dell\.p2\pool\plugins\org.eclipse.m2e.maven.runtime_3.9.400.20230826-0755\jars\plexus-build-api-0.0.7.jar
2023-12-28 21:12:57,157 [Worker-25: Launching Executing test in C__Users_Dell_eclipse-workspace_Servers_EbookCatalog] INFO  o.eclipse.m2e.core.internal.Bundles - 	Entry: C:\Users\Dell\.p2\pool\plugins\org.eclipse.m2e.maven.runtime_3.9.400.20230826-0755\jars\plexus-cipher-2.0.jar
2023-12-28 21:12:57,157 [Worker-25: Launching Executing test in C__Users_Dell_eclipse-workspace_Servers_EbookCatalog] INFO  o.eclipse.m2e.core.internal.Bundles - 	Entry: C:\Users\Dell\.p2\pool\plugins\org.eclipse.m2e.maven.runtime_3.9.400.20230826-0755\jars\plexus-classworlds-2.7.0.jar
2023-12-28 21:12:57,158 [Worker-25: Launching Executing test in C__Users_Dell_eclipse-workspace_Servers_EbookCatalog] INFO  o.eclipse.m2e.core.internal.Bundles - 	Entry: C:\Users\Dell\.p2\pool\plugins\org.eclipse.m2e.maven.runtime_3.9.400.20230826-0755\jars\plexus-component-annotations-2.1.0.jar
2023-12-28 21:12:57,158 [Worker-25: Launching Executing test in C__Users_Dell_eclipse-workspace_Servers_EbookCatalog] INFO  o.eclipse.m2e.core.internal.Bundles - 	Entry: C:\Users\Dell\.p2\pool\plugins\org.eclipse.m2e.maven.runtime_3.9.400.20230826-0755\jars\plexus-interpolation-1.26.jar
2023-12-28 21:12:57,158 [Worker-25: Launching Executing test in C__Users_Dell_eclipse-workspace_Servers_EbookCatalog] INFO  o.eclipse.m2e.core.internal.Bundles - 	Entry: C:\Users\Dell\.p2\pool\plugins\org.eclipse.m2e.maven.runtime_3.9.400.20230826-0755\jars\plexus-sec-dispatcher-2.0.jar
2023-12-28 21:12:57,158 [Worker-25: Launching Executing test in C__Users_Dell_eclipse-workspace_Servers_EbookCatalog] INFO  o.eclipse.m2e.core.internal.Bundles - 	Entry: C:\Users\Dell\.p2\pool\plugins\org.eclipse.m2e.maven.runtime_3.9.400.20230826-0755\jars\plexus-utils-3.5.1.jar
2023-12-28 21:12:57,158 [Worker-25: Launching Executing test in C__Users_Dell_eclipse-workspace_Servers_EbookCatalog] INFO  o.eclipse.m2e.core.internal.Bundles - 	Entry: C:\Users\Dell\.p2\pool\plugins\org.eclipse.m2e.maven.runtime_3.9.400.20230826-0755\jars\wagon-file-3.5.3.jar
2023-12-28 21:12:57,158 [Worker-25: Launching Executing test in C__Users_Dell_eclipse-workspace_Servers_EbookCatalog] INFO  o.eclipse.m2e.core.internal.Bundles - 	Entry: C:\Users\Dell\.p2\pool\plugins\org.eclipse.m2e.maven.runtime_3.9.400.20230826-0755\jars\wagon-provider-api-3.5.3.jar
2023-12-28 21:12:57,160 [Worker-25: Launching Executing test in C__Users_Dell_eclipse-workspace_Servers_EbookCatalog] INFO  o.eclipse.m2e.core.internal.Bundles - getClasspathEntries(Bundle=com.google.guava_32.1.2.jre [12])
2023-12-28 21:12:57,160 [Worker-25: Launching Executing test in C__Users_Dell_eclipse-workspace_Servers_EbookCatalog] INFO  o.eclipse.m2e.core.internal.Bundles - 	Entry: C:\Users\Dell\.p2\pool\plugins\com.google.guava_32.1.2.jre.jar
2023-12-28 21:12:57,160 [Worker-25: Launching Executing test in C__Users_Dell_eclipse-workspace_Servers_EbookCatalog] INFO  o.eclipse.m2e.core.internal.Bundles - getClasspathEntries(Bundle=slf4j.api_2.0.9 [984])
2023-12-28 21:12:57,160 [Worker-25: Launching Executing test in C__Users_Dell_eclipse-workspace_Servers_EbookCatalog] INFO  o.eclipse.m2e.core.internal.Bundles - 	Entry: C:\Users\Dell\.p2\pool\plugins\slf4j.api_2.0.9.jar
2023-12-28 21:12:57,161 [Worker-25: Launching Executing test in C__Users_Dell_eclipse-workspace_Servers_EbookCatalog] INFO  o.eclipse.m2e.core.internal.Bundles - getClasspathEntries(Bundle=javax.inject_1.0.0.v20220405-0441 [38])
2023-12-28 21:12:57,161 [Worker-25: Launching Executing test in C__Users_Dell_eclipse-workspace_Servers_EbookCatalog] INFO  o.eclipse.m2e.core.internal.Bundles - 	Entry: C:\Users\Dell\.p2\pool\plugins\javax.inject_1.0.0.v20220405-0441.jar
2023-12-28 21:12:57,161 [Worker-25: Launching Executing test in C__Users_Dell_eclipse-workspace_Servers_EbookCatalog] INFO  o.eclipse.m2e.core.internal.Bundles - getClasspathEntries(Bundle=javax.annotation_1.3.5.v20200909-1856 [36])
2023-12-28 21:12:57,161 [Worker-25: Launching Executing test in C__Users_Dell_eclipse-workspace_Servers_EbookCatalog] INFO  o.eclipse.m2e.core.internal.Bundles - 	Entry: C:\Users\Dell\.p2\pool\plugins\javax.annotation_1.3.5.v20200909-1856.jar
2023-12-28 21:12:57,161 [Worker-25: Launching Executing test in C__Users_Dell_eclipse-workspace_Servers_EbookCatalog] INFO  o.eclipse.m2e.core.internal.Bundles - getClasspathEntries(Bundle=org.apache.commons.cli_1.5.0 [73])
2023-12-28 21:12:57,161 [Worker-25: Launching Executing test in C__Users_Dell_eclipse-workspace_Servers_EbookCatalog] INFO  o.eclipse.m2e.core.internal.Bundles - 	Entry: C:\Users\Dell\.p2\pool\plugins\org.apache.commons.cli_1.5.0.jar
2023-12-28 21:12:57,161 [Worker-25: Launching Executing test in C__Users_Dell_eclipse-workspace_Servers_EbookCatalog] INFO  o.eclipse.m2e.core.internal.Bundles - getClasspathEntries(Bundle=com.google.guava.failureaccess_1.0.1 [14])
2023-12-28 21:12:57,162 [Worker-25: Launching Executing test in C__Users_Dell_eclipse-workspace_Servers_EbookCatalog] INFO  o.eclipse.m2e.core.internal.Bundles - 	Entry: C:\Users\Dell\.p2\pool\plugins\com.google.guava.failureaccess_1.0.1.jar
2023-12-28 21:12:57,164 [Worker-25: Launching Executing test in C__Users_Dell_eclipse-workspace_Servers_EbookCatalog] INFO  o.e.m.i.launch.MavenLaunchDelegate - Run build in "C:\Users\Dell\eclipse-workspace\Servers\EbookCatalog":
2023-12-28 21:12:57,165 [Worker-25: Launching Executing test in C__Users_Dell_eclipse-workspace_Servers_EbookCatalog] INFO  o.e.m.i.launch.MavenLaunchDelegate -  mvn  -B -Dstyle.color=always test
2023-12-28 21:13:16,334 [Worker-25: Launching Executing verify in C__Users_Dell_eclipse-workspace_Servers_EbookCatalog] INFO  o.eclipse.m2e.core.internal.Bundles - getClasspathEntries(Bundle=org.eclipse.m2e.maven.runtime_3.9.400.20230826-0755 [623])
2023-12-28 21:13:16,334 [Worker-25: Launching Executing verify in C__Users_Dell_eclipse-workspace_Servers_EbookCatalog] INFO  o.eclipse.m2e.core.internal.Bundles - 	Entry: C:\Users\Dell\.p2\pool\plugins\org.eclipse.m2e.maven.runtime_3.9.400.20230826-0755
2023-12-28 21:13:16,336 [Worker-25: Launching Executing verify in C__Users_Dell_eclipse-workspace_Servers_EbookCatalog] INFO  o.eclipse.m2e.core.internal.Bundles - 	Entry: C:\Users\Dell\.p2\pool\plugins\org.eclipse.m2e.maven.runtime_3.9.400.20230826-0755\jars\aether-connector-okhttp-0.17.8.jar
2023-12-28 21:13:16,336 [Worker-25: Launching Executing verify in C__Users_Dell_eclipse-workspace_Servers_EbookCatalog] INFO  o.eclipse.m2e.core.internal.Bundles - 	Entry: C:\Users\Dell\.p2\pool\plugins\org.eclipse.m2e.maven.runtime_3.9.400.20230826-0755\jars\aopalliance-1.0.jar
2023-12-28 21:13:16,336 [Worker-25: Launching Executing verify in C__Users_Dell_eclipse-workspace_Servers_EbookCatalog] INFO  o.eclipse.m2e.core.internal.Bundles - 	Entry: C:\Users\Dell\.p2\pool\plugins\org.eclipse.m2e.maven.runtime_3.9.400.20230826-0755\jars\commons-lang3-3.12.0.jar
2023-12-28 21:13:16,336 [Worker-25: Launching Executing verify in C__Users_Dell_eclipse-workspace_Servers_EbookCatalog] INFO  o.eclipse.m2e.core.internal.Bundles - 	Entry: C:\Users\Dell\.p2\pool\plugins\org.eclipse.m2e.maven.runtime_3.9.400.20230826-0755\jars\guice-5.1.0.jar
2023-12-28 21:13:16,336 [Worker-25: Launching Executing verify in C__Users_Dell_eclipse-workspace_Servers_EbookCatalog] INFO  o.eclipse.m2e.core.internal.Bundles - 	Entry: C:\Users\Dell\.p2\pool\plugins\org.eclipse.m2e.maven.runtime_3.9.400.20230826-0755\jars\jansi-2.4.0.jar
2023-12-28 21:13:16,337 [Worker-25: Launching Executing verify in C__Users_Dell_eclipse-workspace_Servers_EbookCatalog] INFO  o.eclipse.m2e.core.internal.Bundles - 	Entry: C:\Users\Dell\.p2\pool\plugins\org.eclipse.m2e.maven.runtime_3.9.400.20230826-0755\jars\maven-artifact-3.9.4.jar
2023-12-28 21:13:16,337 [Worker-25: Launching Executing verify in C__Users_Dell_eclipse-workspace_Servers_EbookCatalog] INFO  o.eclipse.m2e.core.internal.Bundles - 	Entry: C:\Users\Dell\.p2\pool\plugins\org.eclipse.m2e.maven.runtime_3.9.400.20230826-0755\jars\maven-builder-support-3.9.4.jar
2023-12-28 21:13:16,337 [Worker-25: Launching Executing verify in C__Users_Dell_eclipse-workspace_Servers_EbookCatalog] INFO  o.eclipse.m2e.core.internal.Bundles - 	Entry: C:\Users\Dell\.p2\pool\plugins\org.eclipse.m2e.maven.runtime_3.9.400.20230826-0755\jars\maven-compat-3.9.4.jar
2023-12-28 21:13:16,337 [Worker-25: Launching Executing verify in C__Users_Dell_eclipse-workspace_Servers_EbookCatalog] INFO  o.eclipse.m2e.core.internal.Bundles - 	Entry: C:\Users\Dell\.p2\pool\plugins\org.eclipse.m2e.maven.runtime_3.9.400.20230826-0755\jars\maven-core-3.9.4.jar
2023-12-28 21:13:16,337 [Worker-25: Launching Executing verify in C__Users_Dell_eclipse-workspace_Servers_EbookCatalog] INFO  o.eclipse.m2e.core.internal.Bundles - 	Entry: C:\Users\Dell\.p2\pool\plugins\org.eclipse.m2e.maven.runtime_3.9.400.20230826-0755\jars\maven-embedder-3.9.4.jar
2023-12-28 21:13:16,339 [Worker-25: Launching Executing verify in C__Users_Dell_eclipse-workspace_Servers_EbookCatalog] INFO  o.eclipse.m2e.core.internal.Bundles - 	Entry: C:\Users\Dell\.p2\pool\plugins\org.eclipse.m2e.maven.runtime_3.9.400.20230826-0755\jars\maven-model-3.9.4.jar
2023-12-28 21:13:16,339 [Worker-25: Launching Executing verify in C__Users_Dell_eclipse-workspace_Servers_EbookCatalog] INFO  o.eclipse.m2e.core.internal.Bundles - 	Entry: C:\Users\Dell\.p2\pool\plugins\org.eclipse.m2e.maven.runtime_3.9.400.20230826-0755\jars\maven-model-builder-3.9.4.jar
2023-12-28 21:13:16,339 [Worker-25: Launching Executing verify in C__Users_Dell_eclipse-workspace_Servers_EbookCatalog] INFO  o.eclipse.m2e.core.internal.Bundles - 	Entry: C:\Users\Dell\.p2\pool\plugins\org.eclipse.m2e.maven.runtime_3.9.400.20230826-0755\jars\maven-plugin-api-3.9.4.jar
2023-12-28 21:13:16,339 [Worker-25: Launching Executing verify in C__Users_Dell_eclipse-workspace_Servers_EbookCatalog] INFO  o.eclipse.m2e.core.internal.Bundles - 	Entry: C:\Users\Dell\.p2\pool\plugins\org.eclipse.m2e.maven.runtime_3.9.400.20230826-0755\jars\maven-repository-metadata-3.9.4.jar
2023-12-28 21:13:16,339 [Worker-25: Launching Executing verify in C__Users_Dell_eclipse-workspace_Servers_EbookCatalog] INFO  o.eclipse.m2e.core.internal.Bundles - 	Entry: C:\Users\Dell\.p2\pool\plugins\org.eclipse.m2e.maven.runtime_3.9.400.20230826-0755\jars\maven-resolver-api-1.9.14.jar
2023-12-28 21:13:16,339 [Worker-25: Launching Executing verify in C__Users_Dell_eclipse-workspace_Servers_EbookCatalog] INFO  o.eclipse.m2e.core.internal.Bundles - 	Entry: C:\Users\Dell\.p2\pool\plugins\org.eclipse.m2e.maven.runtime_3.9.400.20230826-0755\jars\maven-resolver-connector-basic-1.9.14.jar
2023-12-28 21:13:16,340 [Worker-25: Launching Executing verify in C__Users_Dell_eclipse-workspace_Servers_EbookCatalog] INFO  o.eclipse.m2e.core.internal.Bundles - 	Entry: C:\Users\Dell\.p2\pool\plugins\org.eclipse.m2e.maven.runtime_3.9.400.20230826-0755\jars\maven-resolver-impl-1.9.14.jar
2023-12-28 21:13:16,340 [Worker-25: Launching Executing verify in C__Users_Dell_eclipse-workspace_Servers_EbookCatalog] INFO  o.eclipse.m2e.core.internal.Bundles - 	Entry: C:\Users\Dell\.p2\pool\plugins\org.eclipse.m2e.maven.runtime_3.9.400.20230826-0755\jars\maven-resolver-named-locks-1.9.14.jar
2023-12-28 21:13:16,340 [Worker-25: Launching Executing verify in C__Users_Dell_eclipse-workspace_Servers_EbookCatalog] INFO  o.eclipse.m2e.core.internal.Bundles - 	Entry: C:\Users\Dell\.p2\pool\plugins\org.eclipse.m2e.maven.runtime_3.9.400.20230826-0755\jars\maven-resolver-provider-3.9.4.jar
2023-12-28 21:13:16,340 [Worker-25: Launching Executing verify in C__Users_Dell_eclipse-workspace_Servers_EbookCatalog] INFO  o.eclipse.m2e.core.internal.Bundles - 	Entry: C:\Users\Dell\.p2\pool\plugins\org.eclipse.m2e.maven.runtime_3.9.400.20230826-0755\jars\maven-resolver-spi-1.9.14.jar
2023-12-28 21:13:16,340 [Worker-25: Launching Executing verify in C__Users_Dell_eclipse-workspace_Servers_EbookCatalog] INFO  o.eclipse.m2e.core.internal.Bundles - 	Entry: C:\Users\Dell\.p2\pool\plugins\org.eclipse.m2e.maven.runtime_3.9.400.20230826-0755\jars\maven-resolver-transport-wagon-1.9.14.jar
2023-12-28 21:13:16,340 [Worker-25: Launching Executing verify in C__Users_Dell_eclipse-workspace_Servers_EbookCatalog] INFO  o.eclipse.m2e.core.internal.Bundles - 	Entry: C:\Users\Dell\.p2\pool\plugins\org.eclipse.m2e.maven.runtime_3.9.400.20230826-0755\jars\maven-resolver-util-1.9.14.jar
2023-12-28 21:13:16,340 [Worker-25: Launching Executing verify in C__Users_Dell_eclipse-workspace_Servers_EbookCatalog] INFO  o.eclipse.m2e.core.internal.Bundles - 	Entry: C:\Users\Dell\.p2\pool\plugins\org.eclipse.m2e.maven.runtime_3.9.400.20230826-0755\jars\maven-settings-3.9.4.jar
2023-12-28 21:13:16,340 [Worker-25: Launching Executing verify in C__Users_Dell_eclipse-workspace_Servers_EbookCatalog] INFO  o.eclipse.m2e.core.internal.Bundles - 	Entry: C:\Users\Dell\.p2\pool\plugins\org.eclipse.m2e.maven.runtime_3.9.400.20230826-0755\jars\maven-settings-builder-3.9.4.jar
2023-12-28 21:13:16,341 [Worker-25: Launching Executing verify in C__Users_Dell_eclipse-workspace_Servers_EbookCatalog] INFO  o.eclipse.m2e.core.internal.Bundles - 	Entry: C:\Users\Dell\.p2\pool\plugins\org.eclipse.m2e.maven.runtime_3.9.400.20230826-0755\jars\maven-shared-utils-3.3.4.jar
2023-12-28 21:13:16,341 [Worker-25: Launching Executing verify in C__Users_Dell_eclipse-workspace_Servers_EbookCatalog] INFO  o.eclipse.m2e.core.internal.Bundles - 	Entry: C:\Users\Dell\.p2\pool\plugins\org.eclipse.m2e.maven.runtime_3.9.400.20230826-0755\jars\okhttp-3.14.1.jar
2023-12-28 21:13:16,341 [Worker-25: Launching Executing verify in C__Users_Dell_eclipse-workspace_Servers_EbookCatalog] INFO  o.eclipse.m2e.core.internal.Bundles - 	Entry: C:\Users\Dell\.p2\pool\plugins\org.eclipse.m2e.maven.runtime_3.9.400.20230826-0755\jars\okio-1.17.3.jar
2023-12-28 21:13:16,341 [Worker-25: Launching Executing verify in C__Users_Dell_eclipse-workspace_Servers_EbookCatalog] INFO  o.eclipse.m2e.core.internal.Bundles - 	Entry: C:\Users\Dell\.p2\pool\plugins\org.eclipse.m2e.maven.runtime_3.9.400.20230826-0755\jars\org.eclipse.sisu.inject-0.3.5.jar
2023-12-28 21:13:16,341 [Worker-25: Launching Executing verify in C__Users_Dell_eclipse-workspace_Servers_EbookCatalog] INFO  o.eclipse.m2e.core.internal.Bundles - 	Entry: C:\Users\Dell\.p2\pool\plugins\org.eclipse.m2e.maven.runtime_3.9.400.20230826-0755\jars\org.eclipse.sisu.plexus-0.3.5.jar
2023-12-28 21:13:16,341 [Worker-25: Launching Executing verify in C__Users_Dell_eclipse-workspace_Servers_EbookCatalog] INFO  o.eclipse.m2e.core.internal.Bundles - 	Entry: C:\Users\Dell\.p2\pool\plugins\org.eclipse.m2e.maven.runtime_3.9.400.20230826-0755\jars\plexus-build-api-0.0.7.jar
2023-12-28 21:13:16,341 [Worker-25: Launching Executing verify in C__Users_Dell_eclipse-workspace_Servers_EbookCatalog] INFO  o.eclipse.m2e.core.internal.Bundles - 	Entry: C:\Users\Dell\.p2\pool\plugins\org.eclipse.m2e.maven.runtime_3.9.400.20230826-0755\jars\plexus-cipher-2.0.jar
2023-12-28 21:13:16,341 [Worker-25: Launching Executing verify in C__Users_Dell_eclipse-workspace_Servers_EbookCatalog] INFO  o.eclipse.m2e.core.internal.Bundles - 	Entry: C:\Users\Dell\.p2\pool\plugins\org.eclipse.m2e.maven.runtime_3.9.400.20230826-0755\jars\plexus-classworlds-2.7.0.jar
2023-12-28 21:13:16,341 [Worker-25: Launching Executing verify in C__Users_Dell_eclipse-workspace_Servers_EbookCatalog] INFO  o.eclipse.m2e.core.internal.Bundles - 	Entry: C:\Users\Dell\.p2\pool\plugins\org.eclipse.m2e.maven.runtime_3.9.400.20230826-0755\jars\plexus-component-annotations-2.1.0.jar
2023-12-28 21:13:16,342 [Worker-25: Launching Executing verify in C__Users_Dell_eclipse-workspace_Servers_EbookCatalog] INFO  o.eclipse.m2e.core.internal.Bundles - 	Entry: C:\Users\Dell\.p2\pool\plugins\org.eclipse.m2e.maven.runtime_3.9.400.20230826-0755\jars\plexus-interpolation-1.26.jar
2023-12-28 21:13:16,342 [Worker-25: Launching Executing verify in C__Users_Dell_eclipse-workspace_Servers_EbookCatalog] INFO  o.eclipse.m2e.core.internal.Bundles - 	Entry: C:\Users\Dell\.p2\pool\plugins\org.eclipse.m2e.maven.runtime_3.9.400.20230826-0755\jars\plexus-sec-dispatcher-2.0.jar
2023-12-28 21:13:16,342 [Worker-25: Launching Executing verify in C__Users_Dell_eclipse-workspace_Servers_EbookCatalog] INFO  o.eclipse.m2e.core.internal.Bundles - 	Entry: C:\Users\Dell\.p2\pool\plugins\org.eclipse.m2e.maven.runtime_3.9.400.20230826-0755\jars\plexus-utils-3.5.1.jar
2023-12-28 21:13:16,342 [Worker-25: Launching Executing verify in C__Users_Dell_eclipse-workspace_Servers_EbookCatalog] INFO  o.eclipse.m2e.core.internal.Bundles - 	Entry: C:\Users\Dell\.p2\pool\plugins\org.eclipse.m2e.maven.runtime_3.9.400.20230826-0755\jars\wagon-file-3.5.3.jar
2023-12-28 21:13:16,342 [Worker-25: Launching Executing verify in C__Users_Dell_eclipse-workspace_Servers_EbookCatalog] INFO  o.eclipse.m2e.core.internal.Bundles - 	Entry: C:\Users\Dell\.p2\pool\plugins\org.eclipse.m2e.maven.runtime_3.9.400.20230826-0755\jars\wagon-provider-api-3.5.3.jar
2023-12-28 21:13:16,342 [Worker-25: Launching Executing verify in C__Users_Dell_eclipse-workspace_Servers_EbookCatalog] INFO  o.eclipse.m2e.core.internal.Bundles - getClasspathEntries(Bundle=com.google.guava_32.1.2.jre [12])
2023-12-28 21:13:16,343 [Worker-25: Launching Executing verify in C__Users_Dell_eclipse-workspace_Servers_EbookCatalog] INFO  o.eclipse.m2e.core.internal.Bundles - 	Entry: C:\Users\Dell\.p2\pool\plugins\com.google.guava_32.1.2.jre.jar
2023-12-28 21:13:16,343 [Worker-25: Launching Executing verify in C__Users_Dell_eclipse-workspace_Servers_EbookCatalog] INFO  o.eclipse.m2e.core.internal.Bundles - getClasspathEntries(Bundle=slf4j.api_2.0.9 [984])
2023-12-28 21:13:16,343 [Worker-25: Launching Executing verify in C__Users_Dell_eclipse-workspace_Servers_EbookCatalog] INFO  o.eclipse.m2e.core.internal.Bundles - 	Entry: C:\Users\Dell\.p2\pool\plugins\slf4j.api_2.0.9.jar
2023-12-28 21:13:16,343 [Worker-25: Launching Executing verify in C__Users_Dell_eclipse-workspace_Servers_EbookCatalog] INFO  o.eclipse.m2e.core.internal.Bundles - getClasspathEntries(Bundle=javax.inject_1.0.0.v20220405-0441 [38])
2023-12-28 21:13:16,344 [Worker-25: Launching Executing verify in C__Users_Dell_eclipse-workspace_Servers_EbookCatalog] INFO  o.eclipse.m2e.core.internal.Bundles - 	Entry: C:\Users\Dell\.p2\pool\plugins\javax.inject_1.0.0.v20220405-0441.jar
2023-12-28 21:13:16,344 [Worker-25: Launching Executing verify in C__Users_Dell_eclipse-workspace_Servers_EbookCatalog] INFO  o.eclipse.m2e.core.internal.Bundles - getClasspathEntries(Bundle=javax.annotation_1.3.5.v20200909-1856 [36])
2023-12-28 21:13:16,344 [Worker-25: Launching Executing verify in C__Users_Dell_eclipse-workspace_Servers_EbookCatalog] INFO  o.eclipse.m2e.core.internal.Bundles - 	Entry: C:\Users\Dell\.p2\pool\plugins\javax.annotation_1.3.5.v20200909-1856.jar
2023-12-28 21:13:16,344 [Worker-25: Launching Executing verify in C__Users_Dell_eclipse-workspace_Servers_EbookCatalog] INFO  o.eclipse.m2e.core.internal.Bundles - getClasspathEntries(Bundle=org.apache.commons.cli_1.5.0 [73])
2023-12-28 21:13:16,345 [Worker-25: Launching Executing verify in C__Users_Dell_eclipse-workspace_Servers_EbookCatalog] INFO  o.eclipse.m2e.core.internal.Bundles - 	Entry: C:\Users\Dell\.p2\pool\plugins\org.apache.commons.cli_1.5.0.jar
2023-12-28 21:13:16,345 [Worker-25: Launching Executing verify in C__Users_Dell_eclipse-workspace_Servers_EbookCatalog] INFO  o.eclipse.m2e.core.internal.Bundles - getClasspathEntries(Bundle=com.google.guava.failureaccess_1.0.1 [14])
2023-12-28 21:13:16,345 [Worker-25: Launching Executing verify in C__Users_Dell_eclipse-workspace_Servers_EbookCatalog] INFO  o.eclipse.m2e.core.internal.Bundles - 	Entry: C:\Users\Dell\.p2\pool\plugins\com.google.guava.failureaccess_1.0.1.jar
2023-12-28 21:13:16,346 [Worker-25: Launching Executing verify in C__Users_Dell_eclipse-workspace_Servers_EbookCatalog] INFO  o.e.m.i.launch.MavenLaunchDelegate - Run build in "C:\Users\Dell\eclipse-workspace\Servers\EbookCatalog":
2023-12-28 21:13:16,346 [Worker-25: Launching Executing verify in C__Users_Dell_eclipse-workspace_Servers_EbookCatalog] INFO  o.e.m.i.launch.MavenLaunchDelegate -  mvn  -B -Dstyle.color=always verify
